Using pre-set license
Built from '2020.3/staging' branch; Version is '2020.3.8f1 (507919d4fff5) revision 5273881'; Using compiler version '192528614'; Build Type 'Release'
OS: 'Windows 10 Education; OS build 19043.2006; Version 2009; 64bit' Language: 'ko' Physical Memory: 7399 MB
BatchMode: 1, IsHumanControllingUs: 0, StartBugReporterOnCrash: 0, Is64bit: 1, IsPro: 0

 COMMAND LINE ARGUMENTS:
C:\Program Files\Unity\Editor\Unity.exe
-adb2
-batchMode
-noUpm
-name
AssetImportWorker0
-projectPath
C:/E/Projects/UnityProjects/temp
-logFile
Logs/AssetImportWorker0.log
-srvPort
60776
Successfully changed project path to: C:/E/Projects/UnityProjects/temp
C:/E/Projects/UnityProjects/temp
Using Asset Import Pipeline V2.
Refreshing native plugins compatible for Editor in 64.97 ms, found 0 plugins.
Preloading 0 native plugins for Editor in 0.00 ms.
Initialize engine version: 2020.3.8f1 (507919d4fff5)
[Subsystems] Discovering subsystems at path C:/Program Files/Unity/Editor/Data/Resources/UnitySubsystems
[Subsystems] Discovering subsystems at path C:/E/Projects/UnityProjects/temp/Assets
GfxDevice: creating device client; threaded=0
Direct3D:
    Version:  Direct3D 11.0 [level 11.1]
    Renderer: AMD Radeon(TM) Graphics (ID=0x1636)
    Vendor:   
    VRAM:     3699 MB
    Driver:   30.0.13040.4003
Initialize mono
Mono path[0] = 'C:/Program Files/Unity/Editor/Data/Managed'
Mono path[1] = 'C:/Program Files/Unity/Editor/Data/MonoBleedingEdge/lib/mono/unityjit'
Mono config path = 'C:/Program Files/Unity/Editor/Data/MonoBleedingEdge/etc'
Using monoOptions --debugger-agent=transport=dt_socket,embedding=1,server=y,suspend=n,address=127.0.0.1:56332
Begin MonoManager ReloadAssembly
Registering precompiled unity dll's ...
Register platform support module: C:/Program Files/Unity/Editor/Data/PlaybackEngines/WindowsStandaloneSupport/UnityEditor.WindowsStandalone.Extensions.dll
Registered in 0.148871 seconds.
Native extension for WindowsStandalone target not found
Refreshing native plugins compatible for Editor in 31.04 ms, found 0 plugins.
Preloading 0 native plugins for Editor in 0.00 ms.
Mono: successfully reloaded assembly
- Completed reload, in  4.579 seconds
Platform modules already initialized, skipping
Registering precompiled user dll's ...
Registered in 0.189406 seconds.
Begin MonoManager ReloadAssembly
Native extension for WindowsStandalone target not found
Refreshing native plugins compatible for Editor in 32.62 ms, found 0 plugins.
Preloading 0 native plugins for Editor in 0.00 ms.
Mono: successfully reloaded assembly
- Completed reload, in  6.156 seconds
Platform modules already initialized, skipping
========================================================================
Worker process is ready to serve import requests
Launched and connected shader compiler UnityShaderCompiler.exe after 0.09 seconds
Refreshing native plugins compatible for Editor in 0.41 ms, found 0 plugins.
Preloading 0 native plugins for Editor in 0.00 ms.
Unloading 1620 Unused Serialized files (Serialized files now loaded: 0)
System memory in use before: 81.5 MB.
System memory in use after: 81.6 MB.

Unloading 16 unused Assets to reduce memory usage. Loaded Objects now: 2059.
Total: 2.744700 ms (FindLiveObjects: 0.260100 ms CreateObjectMapping: 0.043800 ms MarkObjects: 2.343300 ms  DeleteObjects: 0.095800 ms)

========================================================================
Received Import Request.
  path: Assets/Plugins/Ready Player Me/Editor/RPM_EditorImage_Banner.png
  artifactKey: Guid(3d278275362f6b94595b984310c318bd) Importer(815301076,1909f56bfc062723c751e8b465ee728b)
Start importing Assets/Plugins/Ready Player Me/Editor/RPM_EditorImage_Banner.png using Guid(3d278275362f6b94595b984310c318bd) Importer(815301076,1909f56bfc062723c751e8b465ee728b)  -> (artifact id: '48d03b268ec9afc69a8a6c5a69039762') in 0.094953 seconds
  Import took 0.098740 seconds .

========================================================================
Received Import Request.
  Time since last request: 0.000362 seconds.
  path: Assets/Unity/ConstraintSamples/Materials/AB.png
  artifactKey: Guid(fb7e3d821132d42bbbc37a4b177c2a0f) Importer(815301076,1909f56bfc062723c751e8b465ee728b)
Start importing Assets/Unity/ConstraintSamples/Materials/AB.png using Guid(fb7e3d821132d42bbbc37a4b177c2a0f) Importer(815301076,1909f56bfc062723c751e8b465ee728b)  -> (artifact id: '0decb4cfe9a96fcd8368539d5fd66840') in 0.054846 seconds
  Import took 0.058070 seconds .

========================================================================
Received Import Request.
  Time since last request: 0.000298 seconds.
  path: Assets/Unity/ConstraintSamples/Materials/A.png
  artifactKey: Guid(df646550bafb34bbc8544dc1cb378d6e) Importer(815301076,1909f56bfc062723c751e8b465ee728b)
Start importing Assets/Unity/ConstraintSamples/Materials/A.png using Guid(df646550bafb34bbc8544dc1cb378d6e) Importer(815301076,1909f56bfc062723c751e8b465ee728b)  -> (artifact id: '6db152c1e4330bb3ef2d7bee6da0a57a') in 0.039598 seconds
  Import took 0.042719 seconds .

========================================================================
Received Import Request.
  Time since last request: 0.000363 seconds.
  path: Assets/Unity/ConstraintSamples/Materials/B.png
  artifactKey: Guid(d0ca99642fe5f4ffa9859004dacf948c) Importer(815301076,1909f56bfc062723c751e8b465ee728b)
Start importing Assets/Unity/ConstraintSamples/Materials/B.png using Guid(d0ca99642fe5f4ffa9859004dacf948c) Importer(815301076,1909f56bfc062723c751e8b465ee728b)  -> (artifact id: '4b05a5f60dd116d5df9af6ba1830f887') in 0.024822 seconds
  Import took 0.029904 seconds .

========================================================================
Received Import Request.
  Time since last request: 0.000560 seconds.
  path: Assets/Unity/Info/Icons/ARicon.png
  artifactKey: Guid(a999ebd188c6842119197c7562792a72) Importer(815301076,1909f56bfc062723c751e8b465ee728b)
Start importing Assets/Unity/Info/Icons/ARicon.png using Guid(a999ebd188c6842119197c7562792a72) Importer(815301076,1909f56bfc062723c751e8b465ee728b)  -> (artifact id: '4e96f8b5388931255c61a283f5bd3367') in 0.027269 seconds
  Import took 0.031427 seconds .

========================================================================
Received Import Request.
  Time since last request: 126.151486 seconds.
  path: Assets/Unity/ConstraintSamples/Materials/ground.mat
  artifactKey: Guid(93c4369f5415640efb071ca888c5746f) Importer(815301076,1909f56bfc062723c751e8b465ee728b)
Start importing Assets/Unity/ConstraintSamples/Materials/ground.mat using Guid(93c4369f5415640efb071ca888c5746f) Importer(815301076,1909f56bfc062723c751e8b465ee728b)  -> (artifact id: '163bd141fcac33c68e8de8afc414bff8') in 0.077284 seconds
  Import took 0.081418 seconds .

========================================================================
Received Import Request.
  Time since last request: 0.000334 seconds.
  path: Assets/Unity/ConstraintSamples/Materials/red.mat
  artifactKey: Guid(c37cc0f579f554469b2123da5dc8fadd) Importer(815301076,1909f56bfc062723c751e8b465ee728b)
Start importing Assets/Unity/ConstraintSamples/Materials/red.mat using Guid(c37cc0f579f554469b2123da5dc8fadd) Importer(815301076,1909f56bfc062723c751e8b465ee728b)  -> (artifact id: 'd973aa3fedc8839fcaaa7a4167eb747d') in 0.034848 seconds
  Import took 0.038493 seconds .

========================================================================
Received Import Request.
  Time since last request: 0.000324 seconds.
  path: Assets/Unity/ConstraintSamples/Materials/ground.mat
  artifactKey: Guid(93c4369f5415640efb071ca888c5746f) Importer(815301076,1909f56bfc062723c751e8b465ee728b)
Start importing Assets/Unity/ConstraintSamples/Materials/ground.mat using Guid(93c4369f5415640efb071ca888c5746f) Importer(815301076,1909f56bfc062723c751e8b465ee728b)  -> (artifact id: '163bd141fcac33c68e8de8afc414bff8') in 0.013501 seconds
  Import took 0.017396 seconds .

========================================================================
Received Import Request.
  Time since last request: 0.000321 seconds.
  path: Assets/Unity/ConstraintSamples/Materials/target.mat
  artifactKey: Guid(0a87a0d28e75d4142a97c4b994468fe6) Importer(815301076,1909f56bfc062723c751e8b465ee728b)
Start importing Assets/Unity/ConstraintSamples/Materials/target.mat using Guid(0a87a0d28e75d4142a97c4b994468fe6) Importer(815301076,1909f56bfc062723c751e8b465ee728b)  -> (artifact id: 'e5e0aacc2f71cb3d91652dc45daf7da4') in 0.026177 seconds
  Import took 0.030266 seconds .

========================================================================
Received Import Request.
  Time since last request: 0.000341 seconds.
  path: Assets/Unity/ConstraintSamples/Materials/red.mat
  artifactKey: Guid(c37cc0f579f554469b2123da5dc8fadd) Importer(815301076,1909f56bfc062723c751e8b465ee728b)
Start importing Assets/Unity/ConstraintSamples/Materials/red.mat using Guid(c37cc0f579f554469b2123da5dc8fadd) Importer(815301076,1909f56bfc062723c751e8b465ee728b)  -> (artifact id: 'd973aa3fedc8839fcaaa7a4167eb747d') in 0.014829 seconds
  Import took 0.017770 seconds .

========================================================================
Received Import Request.
  Time since last request: 0.012965 seconds.
  path: Assets/Unity/ConstraintSamples/Materials/target.mat
  artifactKey: Guid(0a87a0d28e75d4142a97c4b994468fe6) Importer(815301076,1909f56bfc062723c751e8b465ee728b)
Start importing Assets/Unity/ConstraintSamples/Materials/target.mat using Guid(0a87a0d28e75d4142a97c4b994468fe6) Importer(815301076,1909f56bfc062723c751e8b465ee728b)  -> (artifact id: 'e5e0aacc2f71cb3d91652dc45daf7da4') in 0.012313 seconds
  Import took 0.015480 seconds .

========================================================================
Received Prepare
Registering precompiled user dll's ...
Registered in 0.003927 seconds.
Begin MonoManager ReloadAssembly
Native extension for WindowsStandalone target not found
Refreshing native plugins compatible for Editor in 0.34 ms, found 0 plugins.
Preloading 0 native plugins for Editor in 0.00 ms.
Mono: successfully reloaded assembly
- Completed reload, in  1.082 seconds
Platform modules already initialized, skipping
Refreshing native plugins compatible for Editor in 0.33 ms, found 0 plugins.
Preloading 0 native plugins for Editor in 0.00 ms.
Unloading 1609 Unused Serialized files (Serialized files now loaded: 0)
System memory in use before: 84.2 MB.
System memory in use after: 84.3 MB.

Unloading 11 unused Assets to reduce memory usage. Loaded Objects now: 2106.
Total: 3.264600 ms (FindLiveObjects: 0.302100 ms CreateObjectMapping: 0.096100 ms MarkObjects: 2.786800 ms  DeleteObjects: 0.077200 ms)

========================================================================
Received Prepare
Registering precompiled user dll's ...
Registered in 0.002807 seconds.
Begin MonoManager ReloadAssembly
Native extension for WindowsStandalone target not found
Refreshing native plugins compatible for Editor in 0.34 ms, found 0 plugins.
Preloading 0 native plugins for Editor in 0.00 ms.
Mono: successfully reloaded assembly
- Completed reload, in  1.116 seconds
Platform modules already initialized, skipping
Refreshing native plugins compatible for Editor in 0.33 ms, found 0 plugins.
Preloading 0 native plugins for Editor in 0.00 ms.
Unloading 1609 Unused Serialized files (Serialized files now loaded: 0)
System memory in use before: 84.2 MB.
System memory in use after: 84.3 MB.

Unloading 11 unused Assets to reduce memory usage. Loaded Objects now: 2109.
Total: 3.593900 ms (FindLiveObjects: 0.258900 ms CreateObjectMapping: 0.077600 ms MarkObjects: 3.174200 ms  DeleteObjects: 0.081400 ms)

========================================================================
Received Import Request.
  Time since last request: 1296.733989 seconds.
  path: Assets/Avatars/9bcc6840-8b8b-420d-a9d8-bc9c275fce8f/Circle.png
  artifactKey: Guid(131dc52f13406f24e8bbdebdc859fccf) Importer(815301076,1909f56bfc062723c751e8b465ee728b)
Start importing Assets/Avatars/9bcc6840-8b8b-420d-a9d8-bc9c275fce8f/Circle.png using Guid(131dc52f13406f24e8bbdebdc859fccf) Importer(815301076,1909f56bfc062723c751e8b465ee728b)  -> (artifact id: '7b59aaf32e09c470dddc4d0d5864552a') in 0.052900 seconds
  Import took 0.056328 seconds .

========================================================================
Received Import Request.
  Time since last request: 0.003091 seconds.
  path: Assets/Avatars/9bcc6840-8b8b-420d-a9d8-bc9c275fce8f/Circle.png
  artifactKey: Guid(131dc52f13406f24e8bbdebdc859fccf) Importer(815301076,1909f56bfc062723c751e8b465ee728b)
Start importing Assets/Avatars/9bcc6840-8b8b-420d-a9d8-bc9c275fce8f/Circle.png using Guid(131dc52f13406f24e8bbdebdc859fccf) Importer(815301076,1909f56bfc062723c751e8b465ee728b)  -> (artifact id: '7b59aaf32e09c470dddc4d0d5864552a') in 0.015981 seconds
  Import took 0.020038 seconds .

========================================================================
Received Import Request.
  Time since last request: 348.140756 seconds.
  path: Assets/Avatars/9bcc6840-8b8b-420d-a9d8-bc9c275fce8f/New Render Texture.renderTexture
  artifactKey: Guid(a4bde3be5e27c4f46b1c4827357f9500) Importer(815301076,1909f56bfc062723c751e8b465ee728b)
Start importing Assets/Avatars/9bcc6840-8b8b-420d-a9d8-bc9c275fce8f/New Render Texture.renderTexture using Guid(a4bde3be5e27c4f46b1c4827357f9500) Importer(815301076,1909f56bfc062723c751e8b465ee728b)  -> (artifact id: '118625cb24ba9b40f8184f809f6a9869') in 0.026059 seconds
  Import took 0.031116 seconds .

========================================================================
Received Prepare
Registering precompiled user dll's ...
Registered in 0.004561 seconds.
Begin MonoManager ReloadAssembly
Native extension for WindowsStandalone target not found
Refreshing native plugins compatible for Editor in 0.36 ms, found 0 plugins.
Preloading 0 native plugins for Editor in 0.00 ms.
Mono: successfully reloaded assembly
- Completed reload, in  1.073 seconds
Platform modules already initialized, skipping
Refreshing native plugins compatible for Editor in 0.33 ms, found 0 plugins.
Preloading 0 native plugins for Editor in 0.00 ms.
Unloading 1609 Unused Serialized files (Serialized files now loaded: 0)
System memory in use before: 84.3 MB.
System memory in use after: 84.4 MB.

Unloading 11 unused Assets to reduce memory usage. Loaded Objects now: 2114.
Total: 2.382500 ms (FindLiveObjects: 0.324200 ms CreateObjectMapping: 0.096500 ms MarkObjects: 1.887400 ms  DeleteObjects: 0.071900 ms)

AssetImportWorkerClient::OnTransportError - code=2 error=End of file
